<?xml version="1.0" encoding="UTF-8"?>
<!-- Generated by org.testng.reporters.JUnitReportReporter -->
<testsuite hostname="LAPTOP-S66DCJ1R" name="com.QAPractise.EchoEcho.EchoEcho_HomePage" tests="1" failures="0" timestamp="15 Jan 2020 15:31:51 GMT" time="32.830" errors="0">
  <testcase name="dropDownToolTest" time="32.830" classname="com.QAPractise.EchoEcho.EchoEcho_HomePage"/>
</testsuite> <!-- com.QAPractise.EchoEcho.EchoEcho_HomePage -->
