<?xml version="1.0" encoding="UTF-8"?>
<!-- Generated by org.testng.reporters.JUnitReportReporter -->
<testsuite hostname="LAPTOP-S66DCJ1R" name="com.QAPractise.letterboxd.LetterboxdHomePage" tests="1" failures="0" timestamp="15 Jan 2020 02:53:37 GMT" time="8.217" errors="0">
  <testcase name="letterboxdLogoTest" time="8.217" classname="com.QAPractise.letterboxd.LetterboxdHomePage"/>
</testsuite> <!-- com.QAPractise.letterboxd.LetterboxdHomePage -->
