<?xml version="1.0" encoding="UTF-8"?>
<!-- Generated by org.testng.reporters.JUnitReportReporter -->
<testsuite hostname="LAPTOP-S66DCJ1R" name="com.QAPractise.AllyBank.AllyBankMenuDrawer" tests="60" failures="0" timestamp="19 Jan 2020 17:40:09 GMT" time="648.123" errors="0">
  <testcase name="customerBenefitsSupportLinkTest" time="10.267" classname="com.QAPractise.AllyBank.AllyBankMenuDrawer"/>
  <testcase name="commissionFreeETFLinkTest" time="9.806" classname="com.QAPractise.AllyBank.AllyBankMenuDrawer"/>
  <testcase name="investLinkTest" time="9.295" classname="com.QAPractise.AllyBank.AllyBankMenuDrawer"/>
  <testcase name="planningForRetirementLinkTest" time="8.397" classname="com.QAPractise.AllyBank.AllyBankMenuDrawer"/>
  <testcase name="marginAccountLinkTest" time="9.189" classname="com.QAPractise.AllyBank.AllyBankMenuDrawer"/>
  <testcase name="startingToSaveLinkTest" time="9.481" classname="com.QAPractise.AllyBank.AllyBankMenuDrawer"/>
  <testcase name="highYieldCDLinkTest" time="10.874" classname="com.QAPractise.AllyBank.AllyBankMenuDrawer"/>
  <testcase name="moneyMarketLinkTest" time="7.937" classname="com.QAPractise.AllyBank.AllyBankMenuDrawer"/>
  <testcase name="retirementLinkTest" time="11.459" classname="com.QAPractise.AllyBank.AllyBankMenuDrawer"/>
  <testcase name="exploreTipsToolsLinkTest" time="10.819" classname="com.QAPractise.AllyBank.AllyBankMenuDrawer"/>
  <testcase name="startingOutLinkTest" time="10.196" classname="com.QAPractise.AllyBank.AllyBankMenuDrawer"/>
  <testcase name="whyBankWithUSLinkTest" time="17.564" classname="com.QAPractise.AllyBank.AllyBankMenuDrawer"/>
  <testcase name="howToBankWithUSLinkTest" time="13.578" classname="com.QAPractise.AllyBank.AllyBankMenuDrawer"/>
  <testcase name="forexLinkTest" time="8.678" classname="com.QAPractise.AllyBank.AllyBankMenuDrawer"/>
  <testcase name="manageYourAccountLinkTest" time="10.030" classname="com.QAPractise.AllyBank.AllyBankMenuDrawer"/>
  <testcase name="getStartedBtnTest" time="9.183" classname="com.QAPractise.AllyBank.AllyBankMenuDrawer"/>
  <testcase name="mutualFundsLinkTest" time="9.364" classname="com.QAPractise.AllyBank.AllyBankMenuDrawer"/>
  <testcase name="bondsLinkTest" time="10.377" classname="com.QAPractise.AllyBank.AllyBankMenuDrawer"/>
  <testcase name="investingWithUsLinkTest" time="9.847" classname="com.QAPractise.AllyBank.AllyBankMenuDrawer"/>
  <testcase name="refinanceLinkTest" time="11.088" classname="com.QAPractise.AllyBank.AllyBankMenuDrawer"/>
  <testcase name="affordabilityCalculatorLinkTest" time="11.712" classname="com.QAPractise.AllyBank.AllyBankMenuDrawer"/>
  <testcase name="makeAPaymentLinkTest" time="10.125" classname="com.QAPractise.AllyBank.AllyBankMenuDrawer"/>
  <testcase name="homeLinkTest" time="10.548" classname="com.QAPractise.AllyBank.AllyBankMenuDrawer"/>
  <testcase name="vehicleServiceContractsLinkTest" time="9.991" classname="com.QAPractise.AllyBank.AllyBankMenuDrawer"/>
  <testcase name="findaADealerLinkTest" time="10.794" classname="com.QAPractise.AllyBank.AllyBankMenuDrawer"/>
  <testcase name="businessLinkTest" time="9.126" classname="com.QAPractise.AllyBank.AllyBankMenuDrawer"/>
  <testcase name="ATMLocatorLinkTest" time="8.825" classname="com.QAPractise.AllyBank.AllyBankMenuDrawer"/>
  <testcase name="buyHomeLinkTest" time="11.373" classname="com.QAPractise.AllyBank.AllyBankMenuDrawer"/>
  <testcase name="monthlyPaymentCalculatorLinkTest" time="9.650" classname="com.QAPractise.AllyBank.AllyBankMenuDrawer"/>
  <testcase name="optionsLinkTest" time="11.626" classname="com.QAPractise.AllyBank.AllyBankMenuDrawer"/>
  <testcase name="compareAllCDLinkTest" time="10.845" classname="com.QAPractise.AllyBank.AllyBankMenuDrawer"/>
  <testcase name="refinanceCalculatorLinkTest" time="10.744" classname="com.QAPractise.AllyBank.AllyBankMenuDrawer"/>
  <testcase name="IRAOnlineSavingsLinkTest" time="10.027" classname="com.QAPractise.AllyBank.AllyBankMenuDrawer"/>
  <testcase name="helpForTheFirstTimeHomeBuyerLinkTest" time="11.515" classname="com.QAPractise.AllyBank.AllyBankMenuDrawer"/>
  <testcase name="savingAsAFamilyLinkTest" time="11.943" classname="com.QAPractise.AllyBank.AllyBankMenuDrawer"/>
  <testcase name="noPenaltyCDLinkTest" time="10.963" classname="com.QAPractise.AllyBank.AllyBankMenuDrawer"/>
  <testcase name="mortgagePaymentLinkTest" time="11.432" classname="com.QAPractise.AllyBank.AllyBankMenuDrawer"/>
  <testcase name="aboutIRALinkTest" time="8.541" classname="com.QAPractise.AllyBank.AllyBankMenuDrawer"/>
  <testcase name="homeLoansLinkTest" time="13.417" classname="com.QAPractise.AllyBank.AllyBankMenuDrawer"/>
  <testcase name="IRARaiseYourRateCDLinkTest" time="9.205" classname="com.QAPractise.AllyBank.AllyBankMenuDrawer"/>
  <testcase name="selfDirectedTradingLinkTest" time="10.550" classname="com.QAPractise.AllyBank.AllyBankMenuDrawer"/>
  <testcase name="raiseYourRateCDLinkTest" time="9.088" classname="com.QAPractise.AllyBank.AllyBankMenuDrawer"/>
  <testcase name="managedPortfoliosLinkTest" time="10.510" classname="com.QAPractise.AllyBank.AllyBankMenuDrawer"/>
  <testcase name="onlineSavingsLinkTest" time="16.055" classname="com.QAPractise.AllyBank.AllyBankMenuDrawer"/>
  <testcase name="combiningFinancesLinkTest" time="12.205" classname="com.QAPractise.AllyBank.AllyBankMenuDrawer"/>
  <testcase name="learnFinancialBasicsLinkTest" time="18.195" classname="com.QAPractise.AllyBank.AllyBankMenuDrawer"/>
  <testcase name="personalLinkTest" time="8.849" classname="com.QAPractise.AllyBank.AllyBankMenuDrawer"/>
  <testcase name="compareAllIRALinkTest" time="10.822" classname="com.QAPractise.AllyBank.AllyBankMenuDrawer"/>
  <testcase name="compareAllSavingsLinkTest" time="12.333" classname="com.QAPractise.AllyBank.AllyBankMenuDrawer"/>
  <testcase name="allyHomeTeamLinkTest" time="10.643" classname="com.QAPractise.AllyBank.AllyBankMenuDrawer"/>
  <testcase name="findAProtectionProductLinkTest" time="10.550" classname="com.QAPractise.AllyBank.AllyBankMenuDrawer"/>
  <testcase name="IRAHighYieldCDLinkTest" time="9.089" classname="com.QAPractise.AllyBank.AllyBankMenuDrawer"/>
  <testcase name="interestCheckingLinkTest" time="17.895" classname="com.QAPractise.AllyBank.AllyBankMenuDrawer"/>
  <testcase name="bankGetStartedLinkTest" time="10.464" classname="com.QAPractise.AllyBank.AllyBankMenuDrawer"/>
  <testcase name="allyInvestAPILinkTest" time="10.617" classname="com.QAPractise.AllyBank.AllyBankMenuDrawer"/>
  <testcase name="leaseEndProcessLinkTest" time="9.746" classname="com.QAPractise.AllyBank.AllyBankMenuDrawer"/>
  <testcase name="openAccountBtnTest" time="8.101" classname="com.QAPractise.AllyBank.AllyBankMenuDrawer"/>
  <testcase name="stocksETFLinkTest" time="10.300" classname="com.QAPractise.AllyBank.AllyBankMenuDrawer"/>
  <testcase name="familyLinkTest" time="11.562" classname="com.QAPractise.AllyBank.AllyBankMenuDrawer"/>
  <testcase name="marriagePartnershipLinkTest" time="10.718" classname="com.QAPractise.AllyBank.AllyBankMenuDrawer"/>
</testsuite> <!-- com.QAPractise.AllyBank.AllyBankMenuDrawer -->
