<?xml version="1.0" encoding="UTF-8"?>
<!-- Generated by org.testng.reporters.JUnitReportReporter -->
<testsuite hostname="LAPTOP-S66DCJ1R" name="com.QAPractise.AllyBank.AllyBankBusinessLoanPage" tests="1" failures="0" timestamp="11 Jan 2020 00:59:57 GMT" time="3.403" errors="0">
  <testcase name="brokenLinkTest" time="3.403" classname="com.QAPractise.AllyBank.AllyBankBusinessLoanPage"/>
</testsuite> <!-- com.QAPractise.AllyBank.AllyBankBusinessLoanPage -->
