<?xml version="1.0" encoding="UTF-8"?>
<!-- Generated by org.testng.reporters.JUnitReportReporter -->
<testsuite hostname="LAPTOP-S66DCJ1R" name="com.QAPractise.TheInternetHerokuapp.Herokuapp_HomePage" tests="1" failures="0" timestamp="25 Jan 2020 03:31:29 GMT" time="12.508" errors="0">
  <testcase name="javaScriptAlertTest" time="12.508" classname="com.QAPractise.TheInternetHerokuapp.Herokuapp_HomePage"/>
</testsuite> <!-- com.QAPractise.TheInternetHerokuapp.Herokuapp_HomePage -->
