<?xml version="1.0" encoding="UTF-8"?>
<!-- Generated by org.testng.reporters.JUnitReportReporter -->
<testsuite hostname="LAPTOP-S66DCJ1R" name="com.QAPractise.AllyBank.AllyBankAutoTabPage" tests="10" failures="0" timestamp="12 Jan 2020 00:47:16 GMT" time="111.323" errors="0">
  <testcase name="leaseEndProcessLinkTest" time="9.498" classname="com.QAPractise.AllyBank.AllyBankAutoTabPage"/>
  <testcase name="personalLinkTest" time="8.859" classname="com.QAPractise.AllyBank.AllyBankAutoTabPage"/>
  <testcase name="manageYourAccountLinkTest" time="11.862" classname="com.QAPractise.AllyBank.AllyBankAutoTabPage"/>
  <testcase name="monthlyPaymentCalculatorLinkTest" time="11.709" classname="com.QAPractise.AllyBank.AllyBankAutoTabPage"/>
  <testcase name="businessLinkTest" time="11.101" classname="com.QAPractise.AllyBank.AllyBankAutoTabPage"/>
  <testcase name="customerBenefitsSupportLinkTest" time="13.002" classname="com.QAPractise.AllyBank.AllyBankAutoTabPage"/>
  <testcase name="findaADealerLinkTest" time="11.372" classname="com.QAPractise.AllyBank.AllyBankAutoTabPage"/>
  <testcase name="makeAPaymentLinkTest" time="11.773" classname="com.QAPractise.AllyBank.AllyBankAutoTabPage"/>
  <testcase name="vehicleServiceContractsLinkTest" time="8.886" classname="com.QAPractise.AllyBank.AllyBankAutoTabPage"/>
  <testcase name="findAProtectionProductLinkTest" time="13.261" classname="com.QAPractise.AllyBank.AllyBankAutoTabPage"/>
</testsuite> <!-- com.QAPractise.AllyBank.AllyBankAutoTabPage -->
