<?xml version="1.0" encoding="UTF-8"?>
<!-- Generated by org.testng.reporters.JUnitReportReporter -->
<testsuite hostname="LAPTOP-S66DCJ1R" name="com.QAPractise.AllyBank.AllyBankLearnTab" tests="7" failures="0" timestamp="12 Jan 2020 16:14:45 GMT" time="64.754" errors="0">
  <testcase name="retirementLinkTest" time="11.535" classname="com.QAPractise.AllyBank.AllyBankLearnTab"/>
  <testcase name="marriagePartnershipLinkTest" time="9.772" classname="com.QAPractise.AllyBank.AllyBankLearnTab"/>
  <testcase name="familyLinkTest" time="8.069" classname="com.QAPractise.AllyBank.AllyBankLearnTab"/>
  <testcase name="learnFinancialBasicsLinkTest" time="6.654" classname="com.QAPractise.AllyBank.AllyBankLearnTab"/>
  <testcase name="startingOutLinkTest" time="9.882" classname="com.QAPractise.AllyBank.AllyBankLearnTab"/>
  <testcase name="exploreTipsToolsLinkTest" time="6.934" classname="com.QAPractise.AllyBank.AllyBankLearnTab"/>
  <testcase name="homeLinkTest" time="11.908" classname="com.QAPractise.AllyBank.AllyBankLearnTab"/>
</testsuite> <!-- com.QAPractise.AllyBank.AllyBankLearnTab -->
