<?xml version="1.0" encoding="UTF-8"?>
<!-- Generated by org.testng.reporters.JUnitReportReporter -->
<testsuite hostname="LAPTOP-S66DCJ1R" name="com.QAPractise.MedicareMedicaid.MedicareMedicaidMedicareTabPage" tests="7" failures="0" timestamp="14 Jan 2020 16:20:52 GMT" time="50.633" errors="0">
  <testcase name="medicareSummaryNoticesLinkTest" time="6.975" classname="com.QAPractise.MedicareMedicaid.MedicareMedicaidMedicareTabPage"/>
  <testcase name="medicareProgramGeneralInformationLinkTest" time="7.530" classname="com.QAPractise.MedicareMedicaid.MedicareMedicaidMedicareTabPage"/>
  <testcase name="telehealthLinkTest" time="6.987" classname="com.QAPractise.MedicareMedicaid.MedicareMedicaidMedicareTabPage"/>
  <testcase name="medicareApprovedFacilitiesTrialsRegistriesLinkTest" time="7.129" classname="com.QAPractise.MedicareMedicaid.MedicareMedicaidMedicareTabPage"/>
  <testcase name="newMedicareCardLinkTest" time="7.388" classname="com.QAPractise.MedicareMedicaid.MedicareMedicaidMedicareTabPage"/>
  <testcase name="beneficiaryNoticesInitiativeLinkTest" time="7.436" classname="com.QAPractise.MedicareMedicaid.MedicareMedicaidMedicareTabPage"/>
  <testcase name="medicareHealthSupportLinkTest" time="7.188" classname="com.QAPractise.MedicareMedicaid.MedicareMedicaidMedicareTabPage"/>
</testsuite> <!-- com.QAPractise.MedicareMedicaid.MedicareMedicaidMedicareTabPage -->
