<?xml version="1.0" encoding="UTF-8"?>
<!-- Generated by org.testng.reporters.JUnitReportReporter -->
<testsuite hostname="LAPTOP-S66DCJ1R" name="com.QAPractise.AllyBank.AllyBankInvestTab" tests="12" failures="0" timestamp="12 Jan 2020 14:44:44 GMT" time="143.967" errors="0">
  <testcase name="managedPortfoliosLinkTest" time="14.160" classname="com.QAPractise.AllyBank.AllyBankInvestTab"/>
  <testcase name="stocksETFLinkTest" time="11.338" classname="com.QAPractise.AllyBank.AllyBankInvestTab"/>
  <testcase name="allyInvestAPILinkTest" time="17.949" classname="com.QAPractise.AllyBank.AllyBankInvestTab"/>
  <testcase name="selfDirectedTradingLinkTest" time="12.240" classname="com.QAPractise.AllyBank.AllyBankInvestTab"/>
  <testcase name="getStartedBtnTest" time="10.203" classname="com.QAPractise.AllyBank.AllyBankInvestTab"/>
  <testcase name="investingWithUsLinkTest" time="13.544" classname="com.QAPractise.AllyBank.AllyBankInvestTab"/>
  <testcase name="optionsLinkTest" time="9.306" classname="com.QAPractise.AllyBank.AllyBankInvestTab"/>
  <testcase name="commissionFreeETFLinkTest" time="10.934" classname="com.QAPractise.AllyBank.AllyBankInvestTab"/>
  <testcase name="marginAccountLinkTest" time="10.610" classname="com.QAPractise.AllyBank.AllyBankInvestTab"/>
  <testcase name="forexLinkTest" time="9.851" classname="com.QAPractise.AllyBank.AllyBankInvestTab"/>
  <testcase name="bondsLinkTest" time="12.654" classname="com.QAPractise.AllyBank.AllyBankInvestTab"/>
  <testcase name="mutualFundsLinkTest" time="11.178" classname="com.QAPractise.AllyBank.AllyBankInvestTab"/>
</testsuite> <!-- com.QAPractise.AllyBank.AllyBankInvestTab -->
