<?xml version="1.0" encoding="UTF-8"?>
<!-- Generated by org.testng.reporters.JUnitReportReporter -->
<testsuite hostname="LAPTOP-S66DCJ1R" name="com.QAPractise.AllyBank.AllyBankHomeLoanPage" tests="7" failures="0" timestamp="11 Jan 2020 16:12:53 GMT" time="46.569" errors="0">
  <testcase name="affordabilityCalculatorLinkTest" time="7.435" classname="com.QAPractise.AllyBank.AllyBankHomeLoanPage"/>
  <testcase name="buyHomeLinkTest" time="7.307" classname="com.QAPractise.AllyBank.AllyBankHomeLoanPage"/>
  <testcase name="mortgagePaymentLinkTest" time="6.034" classname="com.QAPractise.AllyBank.AllyBankHomeLoanPage"/>
  <testcase name="allyHomeTeamLinkTest" time="7.294" classname="com.QAPractise.AllyBank.AllyBankHomeLoanPage"/>
  <testcase name="refinanceCalculatorLinkTest" time="6.853" classname="com.QAPractise.AllyBank.AllyBankHomeLoanPage"/>
  <testcase name="refinanceLinkTest" time="2.042" classname="com.QAPractise.AllyBank.AllyBankHomeLoanPage"/>
  <testcase name="firstTimeHomeBuyerLinkTest" time="9.604" classname="com.QAPractise.AllyBank.AllyBankHomeLoanPage"/>
</testsuite> <!-- com.QAPractise.AllyBank.AllyBankHomeLoanPage -->
