<?xml version="1.0" encoding="UTF-8"?>
<!-- Generated by org.testng.reporters.JUnitReportReporter -->
<testsuite hostname="LAPTOP-S66DCJ1R" name="com.QAPractise.MedicareMedicaid.MedicareMedicaidHomePage" tests="8" failures="0" timestamp="14 Jan 2020 15:34:50 GMT" time="58.030" errors="0">
  <testcase name="privateInsuranceTabTest" time="6.317" classname="com.QAPractise.MedicareMedicaid.MedicareMedicaidHomePage"/>
  <testcase name="researchStatisticsDataSystemsTabTest" time="4.666" classname="com.QAPractise.MedicareMedicaid.MedicareMedicaidHomePage"/>
  <testcase name="medicareMedicaidCoordinationTabTest" time="7.743" classname="com.QAPractise.MedicareMedicaid.MedicareMedicaidHomePage"/>
  <testcase name="regulationsGuidanceTabTest" time="4.153" classname="com.QAPractise.MedicareMedicaid.MedicareMedicaidHomePage"/>
  <testcase name="medicareTabTest" time="4.933" classname="com.QAPractise.MedicareMedicaid.MedicareMedicaidHomePage"/>
  <testcase name="medicareCHIPTabTest" time="15.115" classname="com.QAPractise.MedicareMedicaid.MedicareMedicaidHomePage"/>
  <testcase name="innovationCenterTabTest" time="10.600" classname="com.QAPractise.MedicareMedicaid.MedicareMedicaidHomePage"/>
  <testcase name="outreachEducationTabTest" time="4.503" classname="com.QAPractise.MedicareMedicaid.MedicareMedicaidHomePage"/>
</testsuite> <!-- com.QAPractise.MedicareMedicaid.MedicareMedicaidHomePage -->
