<?xml version="1.0" encoding="UTF-8"?>
<!-- Generated by org.testng.reporters.JUnitReportReporter -->
<testsuite hostname="LAPTOP-S66DCJ1R" name="com.QAPractise.CMS.CMSMedicareTabPage" tests="124" failures="1" timestamp="15 Jan 2020 02:47:59 GMT" time="1189.854" errors="0">
  <testcase name="medicareDentalCoverageLinkTest" time="9.724" classname="com.QAPractise.CMS.CMSMedicareTabPage"/>
  <testcase name="electronicHealthRecordsLinkTest" time="7.599" classname="com.QAPractise.CMS.CMSMedicareTabPage"/>
  <testcase name="medicareAdvantageRatesStatisticLinkTest" time="7.066" classname="com.QAPractise.CMS.CMSMedicareTabPage"/>
  <testcase name="lowIncomeSubsidyLinkTest" time="14.858" classname="com.QAPractise.CMS.CMSMedicareTabPage"/>
  <testcase name="sustainableGrowthLinkTest" time="9.212" classname="com.QAPractise.CMS.CMSMedicareTabPage"/>
  <testcase name="mandatoryInsurerReportingForNonGroupHealthPlansLinkTest" time="7.350" classname="com.QAPractise.CMS.CMSMedicareTabPage"/>
  <testcase name="EPrescribingLinkTest" time="7.308" classname="com.QAPractise.CMS.CMSMedicareTabPage"/>
  <testcase name="planPaymentLinkTest" time="7.108" classname="com.QAPractise.CMS.CMSMedicareTabPage"/>
  <testcase name="managedCareMarketingLinkTest" time="9.772" classname="com.QAPractise.CMS.CMSMedicareTabPage"/>
  <testcase name="newMedicareCardLinkTest" time="9.587" classname="com.QAPractise.CMS.CMSMedicareTabPage"/>
  <testcase name="homeInfusionTherapyLinkTest" time="8.225" classname="com.QAPractise.CMS.CMSMedicareTabPage"/>
  <testcase name="medicarePrescriptionDrugLinkTest" time="8.995" classname="com.QAPractise.CMS.CMSMedicareTabPage"/>
  <testcase name="coordinationBenefitsRecoveryOverviewLinkTest" time="7.434" classname="com.QAPractise.CMS.CMSMedicareTabPage"/>
  <testcase name="HCPCSGeneralInformationLinkTest" time="7.223" classname="com.QAPractise.CMS.CMSMedicareTabPage"/>
  <testcase name="physicianSelfReferralLinkTest" time="6.922" classname="com.QAPractise.CMS.CMSMedicareTabPage"/>
  <testcase name="ESRDGenInfoLinkTest" time="7.031" classname="com.QAPractise.CMS.CMSMedicareTabPage"/>
  <testcase name="MACSatisfactionLinkTest" time="16.611" classname="com.QAPractise.CMS.CMSMedicareTabPage"/>
  <testcase name="ambulanceFeeScheduleLinkTest" time="7.306" classname="com.QAPractise.CMS.CMSMedicareTabPage"/>
  <testcase name="homeHealthPPSLinkTest" time="7.487" classname="com.QAPractise.CMS.CMSMedicareTabPage"/>
  <testcase name="opioidTreatmentLinkTest" time="7.590" classname="com.QAPractise.CMS.CMSMedicareTabPage"/>
  <testcase name="outpatientCodeEditorLinkTest" time="17.060" classname="com.QAPractise.CMS.CMSMedicareTabPage"/>
  <testcase name="medicareCoverageRelatedInvestigationalDeviceExemptionLinkTest" time="7.347" classname="com.QAPractise.CMS.CMSMedicareTabPage"/>
  <testcase name="EHealthGeneralInformationLinkTest" time="16.052" classname="com.QAPractise.CMS.CMSMedicareTabPage"/>
  <testcase name="medicareHealthSupportLinkTest" time="23.530" classname="com.QAPractise.CMS.CMSMedicareTabPage"/>
  <testcase name="ESRDQualityIncentiveLinkTest" time="7.196" classname="com.QAPractise.CMS.CMSMedicareTabPage"/>
  <testcase name="durableMedicalEquipmentLinkTest" time="7.504" classname="com.QAPractise.CMS.CMSMedicareTabPage"/>
  <testcase name="telehealthLinkTest" time="7.440" classname="com.QAPractise.CMS.CMSMedicareTabPage"/>
  <testcase name="sharedSavingsProgramLinkTest" time="7.545" classname="com.QAPractise.CMS.CMSMedicareTabPage"/>
  <testcase name="councilForTechnologyInnovationLinkTest" time="16.363" classname="com.QAPractise.CMS.CMSMedicareTabPage"/>
  <testcase name="clinicalLabFeeScheduleLinkTest" time="8.596" classname="com.QAPractise.CMS.CMSMedicareTabPage"/>
  <testcase name="medicareAdminContractorsLinkTest" time="6.877" classname="com.QAPractise.CMS.CMSMedicareTabPage">
    <failure type="java.lang.AssertionError" message="expected [https://www.cms.gov/Medicare/Medicare-Contracting/Medicare-Administrative-Contractors/MedicareAdministrativeContractors] but found [https://www.cms.gov/Medicare/Medicare-Advantage/MedicareAdvantageApps/index]">
      <![CDATA[java.lang.AssertionError: expected [https://www.cms.gov/Medicare/Medicare-Contracting/Medicare-Administrative-Contractors/MedicareAdministrativeContractors] but found [https://www.cms.gov/Medicare/Medicare-Advantage/MedicareAdvantageApps/index]
	at org.testng.Assert.fail(Assert.java:94)
	at org.testng.Assert.failNotEquals(Assert.java:513)
	at org.testng.Assert.assertEqualsImpl(Assert.java:135)
	at org.testng.Assert.assertEquals(Assert.java:116)
	at org.testng.Assert.assertEquals(Assert.java:190)
	at org.testng.Assert.assertEquals(Assert.java:200)
	at com.QAPractise.CMS.CMSMedicareTabPage.medicareAdminContractorsLinkTest(CMSMedicareTabPage.java:1319)
	at sun.reflect.NativeMethodAccessorImpl.invoke0(Native Method)
	at sun.reflect.NativeMethodAccessorImpl.invoke(Unknown Source)
	at sun.reflect.DelegatingMethodAccessorImpl.invoke(Unknown Source)
	at java.lang.reflect.Method.invoke(Unknown Source)
	at org.testng.internal.MethodInvocationHelper.invokeMethod(MethodInvocationHelper.java:86)
	at org.testng.internal.Invoker.invokeMethod(Invoker.java:645)
	at org.testng.internal.Invoker.invokeTestMethod(Invoker.java:822)
	at org.testng.internal.Invoker.invokeTestMethods(Invoker.java:1130)
	at org.testng.internal.TestMethodWorker.invokeTestMethods(TestMethodWorker.java:129)
	at org.testng.internal.TestMethodWorker.run(TestMethodWorker.java:112)
	at org.testng.TestRunner.privateRun(TestRunner.java:782)
	at org.testng.TestRunner.run(TestRunner.java:632)
	at org.testng.SuiteRunner.runTest(SuiteRunner.java:366)
	at org.testng.SuiteRunner.runSequentially(SuiteRunner.java:361)
	at org.testng.SuiteRunner.privateRun(SuiteRunner.java:319)
	at org.testng.SuiteRunner.run(SuiteRunner.java:268)
	at org.testng.SuiteRunnerWorker.runSuite(SuiteRunnerWorker.java:52)
	at org.testng.SuiteRunnerWorker.run(SuiteRunnerWorker.java:86)
	at org.testng.TestNG.runSuitesSequentially(TestNG.java:1244)
	at org.testng.TestNG.runSuitesLocally(TestNG.java:1169)
	at org.testng.TestNG.run(TestNG.java:1064)
	at org.testng.remote.RemoteTestNG.run(RemoteTestNG.java:113)
	at org.testng.remote.RemoteTestNG.initAndRun(RemoteTestNG.java:206)
	at org.testng.remote.RemoteTestNG.main(RemoteTestNG.java:177)
]]>
    </failure>
  </testcase> <!-- medicareAdminContractorsLinkTest -->
  <testcase name="medicareApprovedFacilitiesTrialsRegistriesLinkTest" time="7.437" classname="com.QAPractise.CMS.CMSMedicareTabPage"/>
  <testcase name="clinicalPerformanceLinkTest" time="18.581" classname="com.QAPractise.CMS.CMSMedicareTabPage"/>
  <testcase name="medigapLinkTest" time="21.689" classname="com.QAPractise.CMS.CMSMedicareTabPage"/>
  <testcase name="opioidTreatmentProgramsLinkTest" time="7.841" classname="com.QAPractise.CMS.CMSMedicareTabPage"/>
  <testcase name="medicareDemonstrationProjectsEvaluationReports" time="10.004" classname="com.QAPractise.CMS.CMSMedicareTabPage"/>
  <testcase name="acuteInpatientLinkTest" time="7.553" classname="com.QAPractise.CMS.CMSMedicareTabPage"/>
  <testcase name="electronicBillingEDITransactionsLinkTest" time="7.536" classname="com.QAPractise.CMS.CMSMedicareTabPage"/>
  <testcase name="ambulanceServicesLinkTest" time="7.077" classname="com.QAPractise.CMS.CMSMedicareTabPage"/>
  <testcase name="beneficiaryServicesLinkTest" time="16.645" classname="com.QAPractise.CMS.CMSMedicareTabPage"/>
  <testcase name="specialNeedsPlansLinkTest" time="6.989" classname="com.QAPractise.CMS.CMSMedicareTabPage"/>
  <testcase name="competitiveAcquisitionLinkTest" time="12.679" classname="com.QAPractise.CMS.CMSMedicareTabPage"/>
  <testcase name="insurerServicesLinkTest" time="17.441" classname="com.QAPractise.CMS.CMSMedicareTabPage"/>
  <testcase name="federallyQualifiedLinkTest" time="7.328" classname="com.QAPractise.CMS.CMSMedicareTabPage"/>
  <testcase name="medicalSavingsAccountLinkTest" time="7.057" classname="com.QAPractise.CMS.CMSMedicareTabPage"/>
  <testcase name="medicareCostPlansLinkTest" time="16.868" classname="com.QAPractise.CMS.CMSMedicareTabPage"/>
  <testcase name="CMSFormsLinkTest" time="7.253" classname="com.QAPractise.CMS.CMSMedicareTabPage"/>
  <testcase name="hospiceLinkTest" time="7.700" classname="com.QAPractise.CMS.CMSMedicareTabPage"/>
  <testcase name="programCareForTheElderlyLinkTest" time="8.761" classname="com.QAPractise.CMS.CMSMedicareTabPage"/>
  <testcase name="skilledNursingFacilityPPSLinkTest" time="7.668" classname="com.QAPractise.CMS.CMSMedicareTabPage"/>
  <testcase name="medicareProgramGeneralInformationLinkTest" time="10.174" classname="com.QAPractise.CMS.CMSMedicareTabPage"/>
  <testcase name="SNFConsolidatedBillingLinkTest" time="7.384" classname="com.QAPractise.CMS.CMSMedicareTabPage"/>
  <testcase name="durableMedicalEquipmentFeeScheduleLinkTest" time="7.727" classname="com.QAPractise.CMS.CMSMedicareTabPage"/>
  <testcase name="medicareFFSLinkTest" time="8.542" classname="com.QAPractise.CMS.CMSMedicareTabPage"/>
  <testcase name="personalHealthRecordsLinkTest" time="17.092" classname="com.QAPractise.CMS.CMSMedicareTabPage"/>
  <testcase name="feeSchedulesGenInfoLinkTest" time="6.887" classname="com.QAPractise.CMS.CMSMedicareTabPage"/>
  <testcase name="ESRDNetworkOrgLinkTest" time="15.055" classname="com.QAPractise.CMS.CMSMedicareTabPage"/>
  <testcase name="providerServicesLinkTest" time="7.374" classname="com.QAPractise.CMS.CMSMedicareTabPage"/>
  <testcase name="accountableCareOrgLinkTest" time="7.313" classname="com.QAPractise.CMS.CMSMedicareTabPage"/>
  <testcase name="medicareManagedCareAppealsGrievancesLinkTest" time="7.041" classname="com.QAPractise.CMS.CMSMedicareTabPage"/>
  <testcase name="FedQualifiedHealthCentersLinkTest" time="7.202" classname="com.QAPractise.CMS.CMSMedicareTabPage"/>
  <testcase name="COBRATradingPartnersLinkTest" time="16.741" classname="com.QAPractise.CMS.CMSMedicareTabPage"/>
  <testcase name="mandatoryInsurerReportingForGroupHealthPlansLinkTest" time="8.034" classname="com.QAPractise.CMS.CMSMedicareTabPage"/>
  <testcase name="medicareTheMarketplaceLinkTest" time="7.385" classname="com.QAPractise.CMS.CMSMedicareTabPage"/>
  <testcase name="employerServicesLinkTest" time="16.947" classname="com.QAPractise.CMS.CMSMedicareTabPage"/>
  <testcase name="therapyServicesLinkTest" time="7.115" classname="com.QAPractise.CMS.CMSMedicareTabPage"/>
  <testcase name="homeHealthAgenciesLinkTest" time="7.243" classname="com.QAPractise.CMS.CMSMedicareTabPage"/>
  <testcase name="originalMedicareEligibilityLinkTest" time="7.593" classname="com.QAPractise.CMS.CMSMedicareTabPage"/>
  <testcase name="medicareBDrugSalesPriceLinkTest" time="7.058" classname="com.QAPractise.CMS.CMSMedicareTabPage"/>
  <testcase name="inpatientPsychiatricLinkTest" time="12.144" classname="com.QAPractise.CMS.CMSMedicareTabPage"/>
  <testcase name="coverageInformationExchangeLinkTest" time="16.597" classname="com.QAPractise.CMS.CMSMedicareTabPage"/>
  <testcase name="pharmacistsLinkTest" time="7.316" classname="com.QAPractise.CMS.CMSMedicareTabPage"/>
  <testcase name="TransitionFromICD9ToICD10LinkTest" time="7.082" classname="com.QAPractise.CMS.CMSMedicareTabPage"/>
  <testcase name="criticalAccessHospitalsLinkTest" time="22.256" classname="com.QAPractise.CMS.CMSMedicareTabPage"/>
  <testcase name="medicarePrescriptionDrugAppealsGrievancesLinkTest" time="7.191" classname="com.QAPractise.CMS.CMSMedicareTabPage"/>
  <testcase name="physicianFeeScheduleLookUpToolLinkTest" time="7.195" classname="com.QAPractise.CMS.CMSMedicareTabPage"/>
  <testcase name="medicareCoverageDeterminationProcessLinkTest" time="6.967" classname="com.QAPractise.CMS.CMSMedicareTabPage"/>
  <testcase name="ambulatorySurgicalCentersLinkTest" time="7.533" classname="com.QAPractise.CMS.CMSMedicareTabPage"/>
  <testcase name="clinicalLabsLinkTest" time="7.350" classname="com.QAPractise.CMS.CMSMedicareTabPage"/>
  <testcase name="HCPCSReleaseCodeSetsLinkTest" time="7.599" classname="com.QAPractise.CMS.CMSMedicareTabPage"/>
  <testcase name="physicianBonusesLinkTest" time="7.625" classname="com.QAPractise.CMS.CMSMedicareTabPage"/>
  <testcase name="allFeeForServiceLinkTest" time="8.662" classname="com.QAPractise.CMS.CMSMedicareTabPage"/>
  <testcase name="medicareManagedCareLinkTest" time="7.255" classname="com.QAPractise.CMS.CMSMedicareTabPage"/>
  <testcase name="anesthesiologiestLinkTest" time="7.301" classname="com.QAPractise.CMS.CMSMedicareTabPage"/>
  <testcase name="partCPartDComplianceAuditsOverviewLinkTest" time="14.781" classname="com.QAPractise.CMS.CMSMedicareTabPage"/>
  <testcase name="partACostReportAuditReimbursementLinkTest" time="18.112" classname="com.QAPractise.CMS.CMSMedicareTabPage"/>
  <testcase name="medicareAdvantageApplicationsLinkTest" time="6.906" classname="com.QAPractise.CMS.CMSMedicareTabPage"/>
  <testcase name="medicareFeeForServiceLinkTest" time="7.523" classname="com.QAPractise.CMS.CMSMedicareTabPage"/>
  <testcase name="medicareSummaryNoticesLinkTest" time="7.369" classname="com.QAPractise.CMS.CMSMedicareTabPage"/>
  <testcase name="healthCarePrepaymentPlansLinkTest" time="16.681" classname="com.QAPractise.CMS.CMSMedicareTabPage"/>
  <testcase name="healthPlansGeneralInfoLinkTest" time="15.336" classname="com.QAPractise.CMS.CMSMedicareTabPage"/>
  <testcase name="privateFeeForServiceLinkTest" time="7.444" classname="com.QAPractise.CMS.CMSMedicareTabPage"/>
  <testcase name="hospitalsLinkTest" time="7.588" classname="com.QAPractise.CMS.CMSMedicareTabPage"/>
  <testcase name="DMEPOSLinkTest" time="8.350" classname="com.QAPractise.CMS.CMSMedicareTabPage"/>
  <testcase name="hospicesLinkTest" time="7.987" classname="com.QAPractise.CMS.CMSMedicareTabPage"/>
  <testcase name="hospitalAcquiredLinkTest" time="7.347" classname="com.QAPractise.CMS.CMSMedicareTabPage"/>
  <testcase name="beneficiaryNoticesInitiativeLinkTest" time="7.891" classname="com.QAPractise.CMS.CMSMedicareTabPage"/>
  <testcase name="skilledNursingFacilitiesLinkTest" time="7.190" classname="com.QAPractise.CMS.CMSMedicareTabPage"/>
  <testcase name="PCPricerLinkTest" time="7.253" classname="com.QAPractise.CMS.CMSMedicareTabPage"/>
  <testcase name="medicareCoverageGeneralInformationLinkTest" time="8.681" classname="com.QAPractise.CMS.CMSMedicareTabPage"/>
  <testcase name="hospitalOutpatientPPSLinkTest" time="8.249" classname="com.QAPractise.CMS.CMSMedicareTabPage"/>
  <testcase name="workersCompensationMedicareSetAsideArrangementsLinkTest" time="7.147" classname="com.QAPractise.CMS.CMSMedicareTabPage"/>
  <testcase name="ambulatorySurgicalCenterLinkTest" time="7.226" classname="com.QAPractise.CMS.CMSMedicareTabPage"/>
  <testcase name="ICD10LinkTest" time="7.166" classname="com.QAPractise.CMS.CMSMedicareTabPage"/>
  <testcase name="ESRDPPSLinkTest" time="7.199" classname="com.QAPractise.CMS.CMSMedicareTabPage"/>
  <testcase name="physiciansLinkTest" time="7.854" classname="com.QAPractise.CMS.CMSMedicareTabPage"/>
  <testcase name="ruralHealthClinicsLinkTest" time="7.412" classname="com.QAPractise.CMS.CMSMedicareTabPage"/>
  <testcase name="originalMedicareAppealsLinkTest" time="7.318" classname="com.QAPractise.CMS.CMSMedicareTabPage"/>
  <testcase name="bankruptcyLinkTest" time="6.915" classname="com.QAPractise.CMS.CMSMedicareTabPage"/>
  <testcase name="prescriptionDrugAssistanceProgramsLinkTest" time="7.579" classname="com.QAPractise.CMS.CMSMedicareTabPage"/>
  <testcase name="practiceAdminLinkTest" time="7.753" classname="com.QAPractise.CMS.CMSMedicareTabPage"/>
  <testcase name="contractorProviderLinkTest" time="7.909" classname="com.QAPractise.CMS.CMSMedicareTabPage"/>
  <testcase name="medicareAdvantagePrescriptingDrugLinkTest" time="7.079" classname="com.QAPractise.CMS.CMSMedicareTabPage"/>
  <testcase name="inpatientRehabilitationLinkTest" time="7.511" classname="com.QAPractise.CMS.CMSMedicareTabPage"/>
  <testcase name="placeOfServiceCodesLinkTest" time="7.341" classname="com.QAPractise.CMS.CMSMedicareTabPage"/>
  <testcase name="attorneyServicesLinkTest" time="7.314" classname="com.QAPractise.CMS.CMSMedicareTabPage"/>
  <testcase name="longTermCareLinkTest" time="7.522" classname="com.QAPractise.CMS.CMSMedicareTabPage"/>
  <testcase name="physicianFeeScheduleLinkTest" time="7.881" classname="com.QAPractise.CMS.CMSMedicareTabPage"/>
  <testcase name="coverageWithEvidenceDevelopmentLinkTest" time="16.395" classname="com.QAPractise.CMS.CMSMedicareTabPage"/>
  <testcase name="medicareClinicalTrialPoliciesLinkTest" time="21.068" classname="com.QAPractise.CMS.CMSMedicareTabPage"/>
  <testcase name="medicareAdvantageLinkTest" time="6.908" classname="com.QAPractise.CMS.CMSMedicareTabPage"/>
  <testcase name="prospectivePaymentGenInfoLinkTest" time="7.152" classname="com.QAPractise.CMS.CMSMedicareTabPage"/>
  <testcase name="regionalPreferredProviderLinkTest" time="16.287" classname="com.QAPractise.CMS.CMSMedicareTabPage"/>
  <testcase name="nationalCorrectCodingInitiativeEditsLinkTest" time="7.225" classname="com.QAPractise.CMS.CMSMedicareTabPage"/>
</testsuite> <!-- com.QAPractise.CMS.CMSMedicareTabPage -->
