<?xml version="1.0" encoding="UTF-8"?>
<!-- Generated by org.testng.reporters.JUnitReportReporter -->
<testsuite hostname="LAPTOP-S66DCJ1R" name="com.QAPractise.AllyBank.AllyBankOpenAccountPage" tests="3" failures="0" timestamp="11 Jan 2020 22:12:19 GMT" time="28.480" errors="0">
  <testcase name="homeLoansLinkTest" time="5.854" classname="com.QAPractise.AllyBank.AllyBankOpenAccountPage"/>
  <testcase name="investLinkTest" time="14.461" classname="com.QAPractise.AllyBank.AllyBankOpenAccountPage"/>
  <testcase name="bankGetStartedLinkTest" time="8.165" classname="com.QAPractise.AllyBank.AllyBankOpenAccountPage"/>
</testsuite> <!-- com.QAPractise.AllyBank.AllyBankOpenAccountPage -->
